<?xml version="1.0" encoding="UTF-8"?>
<testsuite xmlns:xsi="http://www.w3.org/2001/XMLSchema-instance" xsi:noNamespaceSchemaLocation="https://maven.apache.org/surefire/maven-surefire-plugin/xsd/surefire-test-report-3.0.xsd" version="3.0" name="Runner.TestRunner" time="8.271" tests="1" errors="0" skipped="0" failures="1">
  <properties>
[...]
</properties>
  <testcase name="Verification of count and values" classname="Verification of count and values on screen" time="6.398">
    <failure message="Total balance should match with sumvalue expected:&lt;1000000.0&gt; but was:&lt;997000.0&gt;" type="junit.framework.AssertionFailedError"><![CDATA[junit.framework.AssertionFailedError: Total balance should match with sumvalue expected:<1000000.0> but was:<997000.0>
]]></failure>
    <system-out><![CDATA[browser initialization
hitting url
$566.27
$599.00
$122365.24
$23329.50
$850139.99
the count of values are matching
the values are greater than 0
the values are greater than 0
the values are greater than 0
the values are greater than 0
the values are greater than 0
***************1000000.0
values $566.27 are formated in currencies
values $599.00 are formated in currencies
values $122365.24 are formated in currencies
values $23329.50 are formated in currencies
values $850139.99 are formated in currencies
]]></system-out>
    <system-err><![CDATA[Starting ChromeDriver 90.0.4430.24 (4c6d850f087da467d926e8eddb76550aed655991-refs/branch-heads/4430@{#429}) on port 8739
Only local connections are allowed.
Please see https://chromedriver.chromium.org/security-considerations for suggestions on keeping ChromeDriver safe.
ChromeDriver was started successfully.
[1622476348.304][WARNING]: This version of ChromeDriver has not been tested with Chrome version 91.
May 31, 2021 9:22:29 PM org.openqa.selenium.remote.ProtocolHandshake createSession
INFO: Detected dialect: W3C
]]></system-err>
  </testcase>
</testsuite>